<?xml version="1.0" encoding="UTF-8"?>
<testng-results skipped="0" failed="0" ignored="0" total="1" passed="1">
  <reporter-output>
  </reporter-output>
  <suite name="Default suite" duration-ms="11054" started-at="2020-10-26T20:21:44Z" finished-at="2020-10-26T20:21:55Z">
    <groups>
    </groups>
    <test name="Default test" duration-ms="11054" started-at="2020-10-26T20:21:44Z" finished-at="2020-10-26T20:21:55Z">
      <class name="testcases.TC_001">
        <test-method status="PASS" signature="bsnlBefore()[pri:0, instance:testcases.TC_001@4c70fda8]" name="bsnlBefore" is-config="true" duration-ms="9836" started-at="2020-10-26T20:21:44Z" finished-at="2020-10-26T20:21:54Z">
          <reporter-output>
          </reporter-output>
        </test-method> <!-- bsnlBefore -->
        <test-method status="PASS" signature="bsnl()[pri:0, instance:testcases.TC_001@4c70fda8]" name="bsnl" duration-ms="514" started-at="2020-10-26T20:21:54Z" finished-at="2020-10-26T20:21:54Z">
          <reporter-output>
          </reporter-output>
        </test-method> <!-- bsnl -->
        <test-method status="PASS" signature="bsnlAfter()[pri:0, instance:testcases.TC_001@4c70fda8]" name="bsnlAfter" is-config="true" duration-ms="660" started-at="2020-10-26T20:21:54Z" finished-at="2020-10-26T20:21:55Z">
          <reporter-output>
          </reporter-output>
        </test-method> <!-- bsnlAfter -->
      </class> <!-- testcases.TC_001 -->
    </test> <!-- Default test -->
  </suite> <!-- Default suite -->
</testng-results>
